<?xml version="1.0" encoding="UTF-8"?>
<coverage generated="1631714764725" clover="3.2.0">
  <project timestamp="1631714764725" name="All files">
    <metrics statements="17" coveredstatements="17" conditionals="2" coveredconditionals="1" methods="7" coveredmethods="7" elements="26" coveredelements="25" complexity="0" loc="17" ncloc="17" packages="1" files="1" classes="1"/>
    <file name="index.ts" path="/home/alpha-n1khil/Code/Elite/Keystone/keystone-js/index.ts">
      <metrics statements="17" coveredstatements="17" conditionals="2" coveredconditionals="1" methods="7" coveredmethods="7"/>
      <line num="4" count="1" type="stmt"/>
      <line num="5" count="1" type="stmt"/>
      <line num="6" count="1" type="stmt"/>
      <line num="18" count="1" type="stmt"/>
      <line num="22" count="1" type="stmt"/>
      <line num="24" count="1" type="stmt"/>
      <line num="28" count="1" type="stmt"/>
      <line num="29" count="2" type="stmt"/>
      <line num="30" count="2" type="stmt"/>
      <line num="31" count="2" type="stmt"/>
      <line num="32" count="2" type="stmt"/>
      <line num="34" count="1" type="stmt"/>
      <line num="35" count="1" type="stmt"/>
      <line num="42" count="2" type="stmt"/>
      <line num="44" count="2" type="stmt"/>
      <line num="46" count="2" type="stmt"/>
      <line num="47" count="2" type="stmt"/>
    </file>
  </project>
</coverage>
