{"/home/alpha-n1khil/Code/Elite/Keystone/keystone-js/index.ts": {"path":"/home/alpha-n1khil/Code/Elite/Keystone/keystone-js/index.ts","statementMap":{"0":{"start":{"line":4,"column":21},"end":{"line":4,"column":25}},"1":{"start":{"line":5,"column":24},"end":{"line":5,"column":35}},"2":{"start":{"line":6,"column":13},"end":{"line":6,"column":19}},"3":{"start":{"line":18,"column":4},"end":{"line":18,"column":47}},"4":{"start":{"line":22,"column":4},"end":{"line":38,"column":6}},"5":{"start":{"line":24,"column":8},"end":{"line":36,"column":11}},"6":{"start":{"line":28,"column":10},"end":{"line":33,"column":13}},"7":{"start":{"line":29,"column":25},"end":{"line":29,"column":51}},"8":{"start":{"line":30,"column":31},"end":{"line":30,"column":61}},"9":{"start":{"line":31,"column":12},"end":{"line":31,"column":46}},"10":{"start":{"line":32,"column":12},"end":{"line":32,"column":36}},"11":{"start":{"line":34,"column":10},"end":{"line":34,"column":49}},"12":{"start":{"line":35,"column":10},"end":{"line":35,"column":31}},"13":{"start":{"line":42,"column":18},"end":{"line":42,"column":27}},"14":{"start":{"line":44,"column":4},"end":{"line":49,"column":6}},"15":{"start":{"line":46,"column":8},"end":{"line":46,"column":46}},"16":{"start":{"line":47,"column":8},"end":{"line":47,"column":61}}},"fnMap":{"0":{"name":"(anonymous_0)","decl":{"start":{"line":17,"column":2},"end":{"line":17,"column":3}},"loc":{"start":{"line":17,"column":16},"end":{"line":19,"column":3}},"line":17},"1":{"name":"(anonymous_1)","decl":{"start":{"line":21,"column":2},"end":{"line":21,"column":3}},"loc":{"start":{"line":21,"column":84},"end":{"line":39,"column":3}},"line":21},"2":{"name":"(anonymous_2)","decl":{"start":{"line":23,"column":6},"end":{"line":23,"column":7}},"loc":{"start":{"line":23,"column":19},"end":{"line":37,"column":7}},"line":23},"3":{"name":"(anonymous_3)","decl":{"start":{"line":27,"column":11},"end":{"line":27,"column":12}},"loc":{"start":{"line":27,"column":17},"end":{"line":36,"column":9}},"line":27},"4":{"name":"(anonymous_4)","decl":{"start":{"line":28,"column":34},"end":{"line":28,"column":35}},"loc":{"start":{"line":28,"column":52},"end":{"line":33,"column":11}},"line":28},"5":{"name":"(anonymous_5)","decl":{"start":{"line":41,"column":2},"end":{"line":41,"column":3}},"loc":{"start":{"line":41,"column":35},"end":{"line":50,"column":3}},"line":41},"6":{"name":"(anonymous_6)","decl":{"start":{"line":45,"column":6},"end":{"line":45,"column":7}},"loc":{"start":{"line":45,"column":19},"end":{"line":48,"column":7}},"line":45}},"branchMap":{"0":{"loc":{"start":{"line":21,"column":18},"end":{"line":21,"column":37}},"type":"default-arg","locations":[{"start":{"line":21,"column":25},"end":{"line":21,"column":37}}],"line":21},"1":{"loc":{"start":{"line":21,"column":39},"end":{"line":21,"column":61}},"type":"default-arg","locations":[{"start":{"line":21,"column":46},"end":{"line":21,"column":61}}],"line":21}},"s":{"0":1,"1":1,"2":1,"3":1,"4":1,"5":1,"6":1,"7":2,"8":2,"9":2,"10":2,"11":1,"12":1,"13":2,"14":2,"15":2,"16":2},"f":{"0":1,"1":1,"2":1,"3":1,"4":2,"5":2,"6":2},"b":{"0":[0],"1":[1]},"_coverageSchema":"1a1c01bbd47fc00a2c39e90264f33305004495a9","hash":"5d6f248099884b986d78f53106fb27b114b87fe1"}
}
