TN:
SF:index.ts
FN:17,(anonymous_0)
FN:21,(anonymous_1)
FN:23,(anonymous_2)
FN:27,(anonymous_3)
FN:28,(anonymous_4)
FN:41,(anonymous_5)
FN:45,(anonymous_6)
FNF:7
FNH:7
FNDA:1,(anonymous_0)
FNDA:1,(anonymous_1)
FNDA:1,(anonymous_2)
FNDA:1,(anonymous_3)
FNDA:2,(anonymous_4)
FNDA:2,(anonymous_5)
FNDA:2,(anonymous_6)
DA:4,1
DA:5,1
DA:6,1
DA:18,1
DA:22,1
DA:24,1
DA:28,1
DA:29,2
DA:30,2
DA:31,2
DA:32,2
DA:34,1
DA:35,1
DA:42,2
DA:44,2
DA:46,2
DA:47,2
LF:17
LH:17
BRDA:21,0,0,0
BRDA:21,1,0,1
BRF:2
BRH:1
end_of_record
